0010.2003-12-18.GP	1	0
0010.2001-06-28.SA_and_HP	1	1
0001.2000-01-17.beck	0	0
0018.1999-12-14.kaminski	0	0
0005.1999-12-12.kaminski	0	1
0011.2001-06-29.SA_and_HP	1	0
0008.2004-08-01.BG	1	0
0009.1999-12-14.farmer	0	0
0017.2003-12-18.GP	1	0
0011.2001-06-28.SA_and_HP	1	1
0015.2001-07-05.SA_and_HP	1	0
0015.2001-02-12.kitchen	0	0
0009.2001-06-26.SA_and_HP	1	0
0017.1999-12-14.kaminski	0	0
0012.2000-01-17.beck	0	0
0003.2000-01-17.beck	0	0
0004.2001-06-12.SA_and_HP	1	0
0008.2001-06-12.SA_and_HP	1	0
0007.2001-02-09.kitchen	0	0
0016.2004-08-01.BG	1	0
0015.2000-06-09.lokay	0	0
0005.1999-12-14.farmer	0	0
0016.1999-12-15.farmer	0	0
0013.2004-08-01.BG	1	1
0005.2003-12-18.GP	1	0
0012.2001-02-09.kitchen	0	0
0003.2001-02-08.kitchen	0	0
0009.2001-02-09.kitchen	0	0
0006.2001-02-08.kitchen	0	0
0014.2003-12-19.GP	1	0
0010.1999-12-14.farmer	0	0
0010.2004-08-01.BG	1	0
0014.1999-12-14.kaminski	0	0
0006.1999-12-13.kaminski	0	0
0011.1999-12-14.farmer	0	0
0013.1999-12-14.kaminski	0	0
0001.2001-02-07.kitchen	0	0
0008.2001-02-09.kitchen	0	0
0007.2003-12-18.GP	1	0
0017.2004-08-02.BG	1	0
0014.2004-08-01.BG	1	0
0006.2003-12-18.GP	1	0
0016.2001-07-05.SA_and_HP	1	0
0008.2003-12-18.GP	1	0
0014.2001-07-04.SA_and_HP	1	0
0001.2001-04-02.williams	0	0
0012.2000-06-08.lokay	0	0
0014.1999-12-15.farmer	0	0
0009.2000-06-07.lokay	0	0
0001.1999-12-10.farmer	0	0
0008.2001-06-25.SA_and_HP	1	0
0017.2001-04-03.williams	0	0
0014.2001-02-12.kitchen	0	0
0016.2001-07-06.SA_and_HP	1	0
0015.1999-12-15.farmer	0	0
0009.1999-12-13.kaminski	0	0
0001.2000-06-06.lokay	0	0
0011.2004-08-01.BG	1	0
0004.2004-08-01.BG	1	0
0018.2003-12-18.GP	1	1
0002.1999-12-13.farmer	0	0
0016.2003-12-19.GP	1	0
0004.1999-12-14.farmer	0	0
0015.2003-12-19.GP	1	0
0006.2004-08-01.BG	1	0
0009.2003-12-18.GP	1	0
0007.1999-12-14.farmer	0	0
0005.2000-06-06.lokay	0	0
0010.1999-12-14.kaminski	0	0
0007.2000-01-17.beck	0	0
0003.1999-12-14.farmer	0	0
0003.2004-08-01.BG	1	0
0017.2004-08-01.BG	1	0
0013.2001-06-30.SA_and_HP	1	0
0003.1999-12-10.kaminski	0	0
0012.1999-12-14.farmer	0	0
0004.1999-12-10.kaminski	0	1
0018.2001-07-13.SA_and_HP	1	1
0002.2001-02-07.kitchen	0	0
0007.2004-08-01.BG	1	0
0012.1999-12-14.kaminski	0	0
0005.2001-06-23.SA_and_HP	1	0
0007.1999-12-13.kaminski	0	0
0017.2000-01-17.beck	0	0
0006.2001-06-25.SA_and_HP	1	0
0006.2001-04-03.williams	0	0
0005.2001-02-08.kitchen	0	0
0002.2003-12-18.GP	1	0
0003.2003-12-18.GP	1	0
0013.2001-04-03.williams	0	0
0004.2001-04-02.williams	0	0
0010.2001-02-09.kitchen	0	0
0001.1999-12-10.kaminski	0	0
0013.1999-12-14.farmer	0	0
0015.1999-12-14.kaminski	0	0
0012.2003-12-19.GP	1	0
0016.2001-02-12.kitchen	0	0
0002.2004-08-01.BG	1	1
0002.2001-05-25.SA_and_HP	1	0
0011.2003-12-18.GP	1	0
